<?xml version="1.0" encoding="UTF-8"?>
<!-- Generated by org.testng.reporters.JUnitXMLReporter -->
<testsuite ignored="0" hostname="LAPTOP-K5OJ0UBF" failures="1" tests="7" name="Login Tests" time="72.518" errors="0" timestamp="2026-01-01T15:03:10 IST">
  <testcase classname="com.netflix.tests.LoginTests" name="LoginFunctionality" time="4.255"/>
  <testcase classname="com.netflix.tests.LoginTests" name="LoginFunctionality" time="3.03"/>
  <testcase classname="com.netflix.tests.LoginTests" name="LoginFunctionality" time="0.799"/>
  <testcase classname="com.netflix.tests.LoginTests" name="LoginFunctionality" time="0.691"/>
  <testcase classname="com.netflix.tests.LoginTests" name="LoginFunctionality" time="12.246">
    <skipped/>
  </testcase> <!-- LoginFunctionality -->
  <testcase classname="com.netflix.tests.LoginTests" name="LoginFunctionality" time="10.897">
    <skipped/>
  </testcase> <!-- LoginFunctionality -->
  <testcase classname="com.netflix.tests.LoginTests" name="LoginFunctionality" time="10.988">
    <failure type="java.lang.AssertionError" message="expected [‘The password you just used was f Manager recommends changing] but found [The password you just used was found in a data breach. Google Password Manager recommends changing your password now.]">
      <![CDATA[java.lang.AssertionError: expected [‘The password you just used was f Manager recommends changing] but found [The password you just used was found in a data breach. Google Password Manager recommends changing your password now.]
at com.netflix.tests.LoginTests.LoginFunctionality(LoginTests.java:75)
at java.base/java.util.ArrayList.forEach(ArrayList.java:1596)
... Removed 31 stack frames]]>
    </failure>
  </testcase> <!-- LoginFunctionality -->
</testsuite> <!-- Login Tests -->
