<?xml version="1.0" encoding="UTF-8"?>
<!-- Generated by org.testng.reporters.JUnitXMLReporter -->
<testsuite ignored="0" hostname="LAPTOP-K5OJ0UBF" failures="0" tests="3" name="Default test" time="0.689" errors="0" timestamp="2026-01-01T15:07:51 IST">
  <testcase classname="com.netflix.db.DBQueryTest" name="FetchAllFailedTests" time="0.566"/>
  <testcase classname="com.netflix.db.DBQueryTest" name="verifyFailedTestsHaveEvidence" time="0.054"/>
  <testcase classname="com.netflix.db.DBQueryTest" name="verifyPassedTestsFetched" time="0.032"/>
</testsuite> <!-- Default test -->
