<?xml version="1.0" encoding="UTF-8"?>
<!-- Generated by org.testng.reporters.JUnitXMLReporter -->
<testsuite ignored="0" hostname="LAPTOP-K5OJ0UBF" failures="0" tests="3" name="Default test" time="0.913" errors="0" timestamp="2025-12-23T18:09:15 IST">
  <testcase classname="com.netflix.db.DBQueryTest" name="FetchAllFailedTests" time="0.788"/>
  <testcase classname="com.netflix.db.DBQueryTest" name="verifyFailedTestsHaveEvidence" time="0.046"/>
  <testcase classname="com.netflix.db.DBQueryTest" name="verifyPassedTestsFetched" time="0.031"/>
</testsuite> <!-- Default test -->
