<?xml version="1.0" encoding="UTF-8"?>
<testng-results ignored="0" total="3" passed="3" failed="0" skipped="0">
  <reporter-output>
  </reporter-output>
  <suite started-at="2025-12-23T18:09:14 IST" name="Default suite" finished-at="2025-12-23T18:09:15 IST" duration-ms="913">
    <groups>
    </groups>
    <test started-at="2025-12-23T18:09:14 IST" name="Default test" finished-at="2025-12-23T18:09:15 IST" duration-ms="913">
      <class name="com.netflix.db.DBQueryTest">
        <test-method signature="FetchAllFailedTests()[pri:0, instance:com.netflix.db.DBQueryTest@38c6f217]" started-at="2025-12-23T18:09:14 IST" name="FetchAllFailedTests" finished-at="2025-12-23T18:09:15 IST" duration-ms="788" status="PASS">
          <reporter-output>
          </reporter-output>
        </test-method> <!-- FetchAllFailedTests -->
        <test-method signature="verifyFailedTestsHaveEvidence()[pri:0, instance:com.netflix.db.DBQueryTest@38c6f217]" started-at="2025-12-23T18:09:15 IST" name="verifyFailedTestsHaveEvidence" finished-at="2025-12-23T18:09:15 IST" duration-ms="46" status="PASS">
          <reporter-output>
          </reporter-output>
        </test-method> <!-- verifyFailedTestsHaveEvidence -->
        <test-method signature="verifyPassedTestsFetched()[pri:0, instance:com.netflix.db.DBQueryTest@38c6f217]" started-at="2025-12-23T18:09:15 IST" name="verifyPassedTestsFetched" finished-at="2025-12-23T18:09:15 IST" duration-ms="31" status="PASS">
          <reporter-output>
          </reporter-output>
        </test-method> <!-- verifyPassedTestsFetched -->
      </class> <!-- com.netflix.db.DBQueryTest -->
    </test> <!-- Default test -->
  </suite> <!-- Default suite -->
</testng-results>
