<?xml version="1.0" encoding="UTF-8"?>
<!-- Generated by org.testng.reporters.JUnitReportReporter -->
<testsuite hostname="LAPTOP-K5OJ0UBF" failures="0" tests="3" name="com.netflix.db.DBQueryTest" time="0.865" errors="0" timestamp="2025-12-23T18:09:15 IST" skipped="0">
  <testcase classname="com.netflix.db.DBQueryTest" name="verifyPassedTestsFetched" time="0.031"/>
  <system-out/>
  <testcase classname="com.netflix.db.DBQueryTest" name="FetchAllFailedTests" time="0.788"/>
  <system-out/>
  <testcase classname="com.netflix.db.DBQueryTest" name="verifyFailedTestsHaveEvidence" time="0.046"/>
  <system-out/>
</testsuite> <!-- com.netflix.db.DBQueryTest -->
