<?xml version="1.0" encoding="UTF-8"?>
<!-- Generated by org.testng.reporters.JUnitReportReporter -->
<testsuite hostname="LAPTOP-K5OJ0UBF" failures="0" tests="3" name="com.netflix.db.DBQueryTest" time="0.652" errors="0" timestamp="2026-01-01T15:07:51 IST" skipped="0">
  <testcase classname="com.netflix.db.DBQueryTest" name="verifyPassedTestsFetched" time="0.032"/>
  <system-out/>
  <testcase classname="com.netflix.db.DBQueryTest" name="FetchAllFailedTests" time="0.566"/>
  <system-out/>
  <testcase classname="com.netflix.db.DBQueryTest" name="verifyFailedTestsHaveEvidence" time="0.054"/>
  <system-out/>
</testsuite> <!-- com.netflix.db.DBQueryTest -->
