<?xml version="1.0" encoding="UTF-8"?>
<!-- Generated by org.testng.reporters.JUnitReportReporter -->
<testsuite hostname="LAPTOP-K5OJ0UBF" failures="1" tests="9" name="com.netflix.tests.LoginTests" time="84.692" errors="0" timestamp="2025-12-23T18:06:34 IST" skipped="4">
  <testcase classname="com.netflix.tests.LoginTests" name="LoginFunctionality" time="5.759"/>
  <system-out/>
  <testcase classname="com.netflix.tests.LoginTests" name="LoginFunctionality" time="13.314">
    <skipped/>
  </testcase> <!-- LoginFunctionality -->
  <system-out/>
  <testcase classname="com.netflix.tests.LoginTests" name="LoginFunctionality" time="4.876">
    <skipped/>
  </testcase> <!-- LoginFunctionality -->
  <system-out/>
  <testcase classname="com.netflix.tests.LoginTests" name="LoginFunctionality" time="8.570"/>
  <system-out/>
  <testcase classname="com.netflix.tests.LoginTests" name="LoginFunctionality" time="5.629">
    <skipped/>
  </testcase> <!-- LoginFunctionality -->
  <system-out/>
  <testcase classname="com.netflix.tests.LoginTests" name="LoginFunctionality" time="13.484">
    <failure message="expected [‘The password you just used was f Manager recommends changing] but found [The password you just used was found in a data breach. Google Password Manager recommends changing your password now.]" type="java.lang.AssertionError">
      <![CDATA[java.lang.AssertionError: expected [‘The password you just used was f Manager recommends changing] but found [The password you just used was found in a data breach. Google Password Manager recommends changing your password now.]
at org.testng.Assert.fail(Assert.java:99)
at org.testng.Assert.failNotEquals(Assert.java:1037)
at org.testng.Assert.assertEqualsImpl(Assert.java:140)
at org.testng.Assert.assertEquals(Assert.java:122)
at org.testng.Assert.assertEquals(Assert.java:629)
at org.testng.Assert.assertEquals(Assert.java:639)
at com.netflix.tests.LoginTests.LoginFunctionality(LoginTests.java:75)
at java.base/jdk.internal.reflect.DirectMethodHandleAccessor.invoke(DirectMethodHandleAccessor.java:103)
at java.base/java.lang.reflect.Method.invoke(Method.java:580)
at org.testng.internal.MethodInvocationHelper.invokeMethod(MethodInvocationHelper.java:133)
at org.testng.internal.TestInvoker.invokeMethod(TestInvoker.java:598)
at org.testng.internal.TestInvoker.retryFailed(TestInvoker.java:213)
at org.testng.internal.MethodRunner.runInSequence(MethodRunner.java:58)
at org.testng.internal.TestInvoker$MethodInvocationAgent.invoke(TestInvoker.java:824)
at org.testng.internal.TestInvoker.invokeTestMethods(TestInvoker.java:146)
at org.testng.internal.TestMethodWorker.invokeTestMethods(TestMethodWorker.java:146)
at org.testng.internal.TestMethodWorker.run(TestMethodWorker.java:128)
at java.base/java.util.ArrayList.forEach(ArrayList.java:1596)
at org.testng.TestRunner.privateRun(TestRunner.java:794)
at org.testng.TestRunner.run(TestRunner.java:596)
at org.testng.SuiteRunner.runTest(SuiteRunner.java:377)
at org.testng.SuiteRunner.runSequentially(SuiteRunner.java:371)
at org.testng.SuiteRunner.privateRun(SuiteRunner.java:332)
at org.testng.SuiteRunner.run(SuiteRunner.java:276)
at org.testng.SuiteRunnerWorker.runSuite(SuiteRunnerWorker.java:53)
at org.testng.SuiteRunnerWorker.run(SuiteRunnerWorker.java:96)
at org.testng.TestNG.runSuitesSequentially(TestNG.java:1212)
at org.testng.TestNG.runSuitesLocally(TestNG.java:1134)
at org.testng.TestNG.runSuites(TestNG.java:1063)
at org.testng.TestNG.run(TestNG.java:1031)
at org.testng.remote.AbstractRemoteTestNG.run(AbstractRemoteTestNG.java:115)
at org.testng.remote.RemoteTestNG.initAndRun(RemoteTestNG.java:293)
at org.testng.remote.RemoteTestNG.main(RemoteTestNG.java:91)
]]>
    </failure>
  </testcase> <!-- LoginFunctionality -->
  <system-out/>
  <testcase classname="com.netflix.tests.LoginTests" name="LoginFunctionality" time="16.048">
    <skipped/>
  </testcase> <!-- LoginFunctionality -->
  <system-out/>
  <testcase classname="com.netflix.tests.LoginTests" name="LoginFunctionality" time="13.145"/>
  <system-out/>
  <testcase classname="com.netflix.tests.LoginTests" name="LoginFunctionality" time="3.867"/>
  <system-out/>
</testsuite> <!-- com.netflix.tests.LoginTests -->
